<?xml version="1.0" encoding="UTF-8"?>
<testsuite name="TestSuites.TestSuiteEndavaSite" time="96.409" tests="4" errors="1" skipped="0" failures="0">
  <properties>
[...]
</properties>
  <testcase name="testSearchFunctionality" classname="Tests.TestSamplePages" time="19.19"/>
  <testcase name="[0] Iasi,info.iasi@endava.com,+40 372 363 289 (testPresenceOfacityOnEasternEurope)" classname="Tests.TestSamplePages" time="26.417"/>
  <testcase name="[1] Bucharest,info.bucharest@endava.com,+40 372 363 291 (testPresenceOfacityOnEasternEurope)" classname="Tests.TestSamplePages" time="26.267"/>
  <testcase name="testCareers" classname="Tests.TestSamplePages" time="24.535">
    <error message="Unable to locate element: {&quot;method&quot;:&quot;id&quot;,&quot;selector&quot;:&quot;requisitionListInterface.ID3268&quot;}&#10;Command duration or timeout: 192 milliseconds&#10;For documentation on this error, please visit: http://seleniumhq.org/exceptions/no_such_element.html&#10;Build info: version: &apos;2.45.0&apos;, revision: &apos;5017cb8&apos;, time: &apos;2015-02-26 23:59:50&apos;&#10;System info: host: &apos;EN60618&apos;, ip: &apos;192.168.202.83&apos;, os.name: &apos;Windows 8.1&apos;, os.arch: &apos;amd64&apos;, os.version: &apos;6.3&apos;, java.version: &apos;1.7.0_75&apos;&#10;*** Element info: {Using=id, value=requisitionListInterface.ID3268}&#10;Session ID: c0d92518-18b8-431e-a1fd-cbdbea3bb68b&#10;Driver info: org.openqa.selenium.firefox.FirefoxDriver&#10;Capabilities [{platform=WINDOWS, acceptSslCerts=true, javascriptEnabled=true, cssSelectorsEnabled=true, databaseEnabled=true, browserName=firefox, handlesAlerts=true, nativeEvents=false, webStorageEnabled=true, rotatable=false, locationContextEnabled=true, applicationCacheEnabled=true, takesScreenshot=true, version=37.0.1}]" type="org.openqa.selenium.NoSuchElementException"><![CDATA[org.openqa.selenium.NoSuchElementException: Unable to locate element: {"method":"id","selector":"requisitionListInterface.ID3268"}
Command duration or timeout: 192 milliseconds
For documentation on this error, please visit: http://seleniumhq.org/exceptions/no_such_element.html
Build info: version: '2.45.0', revision: '5017cb8', time: '2015-02-26 23:59:50'
System info: host: 'EN60618', ip: '192.168.202.83', os.name: 'Windows 8.1', os.arch: 'amd64', os.version: '6.3', java.version: '1.7.0_75'
*** Element info: {Using=id, value=requisitionListInterface.ID3268}
Session ID: c0d92518-18b8-431e-a1fd-cbdbea3bb68b
Driver info: org.openqa.selenium.firefox.FirefoxDriver
Capabilities [{platform=WINDOWS, acceptSslCerts=true, javascriptEnabled=true, cssSelectorsEnabled=true, databaseEnabled=true, browserName=firefox, handlesAlerts=true, nativeEvents=false, webStorageEnabled=true, rotatable=false, locationContextEnabled=true, applicationCacheEnabled=true, takesScreenshot=true, version=37.0.1}]
	at sun.reflect.NativeConstructorAccessorImpl.newInstance0(Native Method)
	at sun.reflect.NativeConstructorAccessorImpl.newInstance(NativeConstructorAccessorImpl.java:57)
	at sun.reflect.DelegatingConstructorAccessorImpl.newInstance(DelegatingConstructorAccessorImpl.java:45)
	at java.lang.reflect.Constructor.newInstance(Constructor.java:526)
	at org.openqa.selenium.remote.ErrorHandler.createThrowable(ErrorHandler.java:204)
	at org.openqa.selenium.remote.ErrorHandler.throwIfResponseFailed(ErrorHandler.java:156)
	at org.openqa.selenium.remote.RemoteWebDriver.execute(RemoteWebDriver.java:599)
	at org.openqa.selenium.remote.RemoteWebDriver.findElement(RemoteWebDriver.java:352)
	at org.openqa.selenium.remote.RemoteWebDriver.findElementById(RemoteWebDriver.java:393)
	at org.openqa.selenium.By$ById.findElement(By.java:214)
	at org.openqa.selenium.remote.RemoteWebDriver.findElement(RemoteWebDriver.java:344)
	at TestPages.JobSearchPage.getIntFromString(JobSearchPage.java:53)
	at TestPages.JobSearchPage.clickOnAnOfferAndOpen(JobSearchPage.java:31)
	at Tests.TestSamplePages.testCareers(TestSamplePages.java:20)
Caused by: org.openqa.selenium.NoSuchElementException: Unable to locate element: {"method":"id","selector":"requisitionListInterface.ID3268"}
For documentation on this error, please visit: http://seleniumhq.org/exceptions/no_such_element.html
Build info: version: '2.45.0', revision: '5017cb8', time: '2015-02-26 23:59:50'
System info: host: 'EN60618', ip: '192.168.202.83', os.name: 'Windows 8.1', os.arch: 'amd64', os.version: '6.3', java.version: '1.7.0_75'
Driver info: driver.version: unknown
	at <anonymous class>.FirefoxDriver.prototype.findElementInternal_(file:///C:/Users/ARACAU~1/AppData/Local/Temp/anonymous6659771650279351378webdriver-profile/extensions/fxdriver@googlecode.com/components/driver-component.js:10271)
	at <anonymous class>.fxdriver.Timer.prototype.setTimeout/<.notify(file:///C:/Users/ARACAU~1/AppData/Local/Temp/anonymous6659771650279351378webdriver-profile/extensions/fxdriver@googlecode.com/components/driver-component.js:603)
]]></error>
    <system-out><![CDATA[_ _ _ _ _ _ _ _ _ _ _ _ _ _ _ _ _ _ _
Log saved in: D:\TestVee2\SeleniumResults\Log\Automation_2015_Apr_20_MyTestSuite.csv
Running Tests on EN60618
Browser Type: *firefox
_ _ _ _ _ _ _ _ _ _ _ _ _ _ _ _ _ _ _ _ _ _
-> New test started:  Tests.TestSamplePages;testCareers;Description file not found!
Command executed:  open(http://www.endava.com) in 1597ms / 1.597s 
Checking:  isTextPresent(Copyright Endava 2014,false)
Checking:  isTextPresent(All rights reserved.,false)
Found element [Careers_Button] by link
Found element [Careers_Button] by link
Command executed:  click(Careers_Button)
Checking:  isTextPresent(Endava offers you a lot of opportunities to grow in your career,false)
Executed command ; javascript(window.scrollBy(0,250))
Found element [SearchBy_Location] by id
Executed command ; select(SearchBy_Location,Bucharest)
Found element [SearchBy_JobField] by id
Executed command ; select(SearchBy_JobField,Testing)
Found element [SearchBy_Role] by id
Executed command ; select(SearchBy_Role,All)
Found element [FindJob_Button] by id
Found element [FindJob_Button] by id
Command executed:  click(FindJob_Button)
Checking:  isTextPresent(Basic Job Search,false)
$$$ Test ended: ;testCareers
Verifications done:    Passed: 0    Failed: 0
Test  testCareers  PASSED
]]></system-out>
  </testcase>
</testsuite>