<?xml version="1.0" encoding="UTF-8"?>
<testsuite name="Tests.TestGoogle_PageObj" time="168.491" tests="7" errors="1" skipped="0" failures="0">
  <properties>
[...]
</properties>
  <testcase name="[0] askew,bunica (testGoogleEasterEgg)" classname="Tests.TestGoogle_PageObj" time="7.277">
    <error message="wrong number of arguments" type="java.lang.IllegalArgumentException">java.lang.IllegalArgumentException: wrong number of arguments
	at sun.reflect.NativeMethodAccessorImpl.invoke0(Native Method)
	at sun.reflect.NativeMethodAccessorImpl.invoke(NativeMethodAccessorImpl.java:57)
	at sun.reflect.DelegatingMethodAccessorImpl.invoke(DelegatingMethodAccessorImpl.java:43)
	at java.lang.reflect.Method.invoke(Method.java:606)
	at org.junit.runners.model.FrameworkMethod$1.runReflectiveCall(FrameworkMethod.java:47)
	at org.junit.internal.runners.model.ReflectiveCallable.run(ReflectiveCallable.java:12)
	at org.junit.runners.model.FrameworkMethod.invokeExplosively(FrameworkMethod.java:44)
	at junitparams.internal.InvokeParameterisedMethod.evaluate(InvokeParameterisedMethod.java:184)
	at org.junit.internal.runners.statements.RunBefores.evaluate(RunBefores.java:26)
	at org.junit.internal.runners.statements.RunAfters.evaluate(RunAfters.java:27)
	at org.junit.rules.TestWatcher$1.evaluate(TestWatcher.java:55)
	at org.junit.rules.RunRules.evaluate(RunRules.java:20)
	at junitparams.internal.ParameterisedTestMethodRunner.runMethodInvoker(ParameterisedTestMethodRunner.java:48)
	at junitparams.internal.ParameterisedTestMethodRunner.runTestMethod(ParameterisedTestMethodRunner.java:42)
	at junitparams.internal.ParameterisedTestClassRunner.runParameterisedTest(ParameterisedTestClassRunner.java:143)
	at junitparams.JUnitParamsRunner.runChild(JUnitParamsRunner.java:405)
	at junitparams.JUnitParamsRunner.runChild(JUnitParamsRunner.java:383)
	at org.junit.runners.ParentRunner$3.run(ParentRunner.java:238)
	at org.junit.runners.ParentRunner$1.schedule(ParentRunner.java:63)
	at org.junit.runners.ParentRunner.runChildren(ParentRunner.java:236)
	at org.junit.runners.ParentRunner.access$000(ParentRunner.java:53)
	at org.junit.runners.ParentRunner$2.evaluate(ParentRunner.java:229)
	at org.junit.runners.ParentRunner.run(ParentRunner.java:309)
	at org.apache.maven.surefire.junit4.JUnit4Provider.execute(JUnit4Provider.java:264)
	at org.apache.maven.surefire.junit4.JUnit4Provider.executeTestSet(JUnit4Provider.java:153)
	at org.apache.maven.surefire.junit4.JUnit4Provider.invoke(JUnit4Provider.java:124)
	at org.apache.maven.surefire.booter.ForkedBooter.invokeProviderInSameClassLoader(ForkedBooter.java:200)
	at org.apache.maven.surefire.booter.ForkedBooter.runSuitesInProcess(ForkedBooter.java:153)
	at org.apache.maven.surefire.booter.ForkedBooter.main(ForkedBooter.java:103)
</error>
    <system-out><![CDATA[_ _ _ _ _ _ _ _ _ _ _ _ _ _ _ _ _ _ _
Log saved in: D:\TestVee2\SeleniumResults\Log\Automation_2015_Apr_20_MyTestSuite.csv
Running Tests on EN60618
Browser Type: *firefox
_ _ _ _ _ _ _ _ _ _ _ _ _ _ _ _ _ _ _ _ _ _
-> New test started:  Tests.TestGoogle_PageObj;testGoogleEasterEgg;Description file not found!
$$$ Test ended: ;testGoogleEasterEgg
Verifications done:    Passed: 0    Failed: 0
Test  testGoogleEasterEgg  PASSED
]]></system-out>
    <system-err><![CDATA[java.lang.IllegalArgumentException: Cannot parse parameters. Did you use , as column separator? askew,bunica
	at junitparams.internal.InvokeParameterisedMethod.castParamsFromString(InvokeParameterisedMethod.java:51)
	at junitparams.internal.InvokeParameterisedMethod.<init>(InvokeParameterisedMethod.java:35)
	at junitparams.internal.ParameterisedTestClassRunner.buildMethodInvoker(ParameterisedTestClassRunner.java:121)
	at junitparams.internal.ParameterisedTestClassRunner.parameterisedMethodInvoker(ParameterisedTestClassRunner.java:115)
	at junitparams.JUnitParamsRunner.methodInvoker(JUnitParamsRunner.java:425)
	at org.junit.runners.BlockJUnit4ClassRunner.methodBlock(BlockJUnit4ClassRunner.java:251)
	at junitparams.JUnitParamsRunner.runChild(JUnitParamsRunner.java:405)
	at junitparams.JUnitParamsRunner.runChild(JUnitParamsRunner.java:383)
	at org.junit.runners.ParentRunner$3.run(ParentRunner.java:238)
	at org.junit.runners.ParentRunner$1.schedule(ParentRunner.java:63)
	at org.junit.runners.ParentRunner.runChildren(ParentRunner.java:236)
	at org.junit.runners.ParentRunner.access$000(ParentRunner.java:53)
	at org.junit.runners.ParentRunner$2.evaluate(ParentRunner.java:229)
	at org.junit.runners.ParentRunner.run(ParentRunner.java:309)
	at org.apache.maven.surefire.junit4.JUnit4Provider.execute(JUnit4Provider.java:264)
	at org.apache.maven.surefire.junit4.JUnit4Provider.executeTestSet(JUnit4Provider.java:153)
	at org.apache.maven.surefire.junit4.JUnit4Provider.invoke(JUnit4Provider.java:124)
	at org.apache.maven.surefire.booter.ForkedBooter.invokeProviderInSameClassLoader(ForkedBooter.java:200)
	at org.apache.maven.surefire.booter.ForkedBooter.runSuitesInProcess(ForkedBooter.java:153)
	at org.apache.maven.surefire.booter.ForkedBooter.main(ForkedBooter.java:103)
Caused by: java.lang.IllegalArgumentException: Number of parameters inside @Parameters annotation doesn't match the number of test method parameters.
There are 2 parameters in annotation, while there's 1 parameters in the testGoogleEasterEgg method.
	at junitparams.internal.InvokeParameterisedMethod.verifySameSizeOfArrays(InvokeParameterisedMethod.java:176)
	at junitparams.internal.InvokeParameterisedMethod.castParamsUsingConverters(InvokeParameterisedMethod.java:100)
	at junitparams.internal.InvokeParameterisedMethod.castParamsFromString(InvokeParameterisedMethod.java:49)
	... 19 more
]]></system-err>
  </testcase>
  <testcase name="[1] Do a barrel roll (testGoogleEasterEgg)" classname="Tests.TestGoogle_PageObj" time="26.006"/>
  <testcase name="[2] zerg rush (testGoogleEasterEgg)" classname="Tests.TestGoogle_PageObj" time="26.078"/>
  <testcase name="[3] Conway&apos;s Game of Life (testGoogleEasterEgg)" classname="Tests.TestGoogle_PageObj" time="27.182"/>
  <testcase name="[4] Google in 1998 (testGoogleEasterEgg)" classname="Tests.TestGoogle_PageObj" time="27.365"/>
  <testcase name="[5] blink HTML (testGoogleEasterEgg)" classname="Tests.TestGoogle_PageObj" time="26.949"/>
  <testcase name="[6] google Pacman (testGoogleEasterEgg)" classname="Tests.TestGoogle_PageObj" time="27.634"/>
</testsuite>